<?xml version="1.0" encoding="UTF-8"?>
<!-- Generated by org.testng.reporters.JUnitXMLReporter -->
<testsuite hostname="DESKTOP-E4HEUJD" ignored="0" name="Test" tests="6" failures="0" timestamp="2022-01-20T15:30:41 IST" time="0.049" errors="0">
  <testcase name="test_21" time="0.009" classname="pack1.Test_2"/>
  <testcase name="test_22" time="0.001" classname="pack1.Test_2"/>
  <testcase name="test_23" time="0.001" classname="pack1.Test_2"/>
  <testcase name="test_11" time="0.002" classname="pack1.Test_1"/>
  <testcase name="test_12" time="0.001" classname="pack1.Test_1"/>
  <testcase name="test_13" time="0.001" classname="pack1.Test_1"/>
</testsuite> <!-- Test -->
