<?xml version="1.0" encoding="UTF-8"?>
<testng-results skipped="0" failed="0" ignored="0" total="6" passed="6">
  <reporter-output>
  </reporter-output>
  <suite name="Suite" duration-ms="49" started-at="2022-01-20T15:30:41 IST" finished-at="2022-01-20T15:30:41 IST">
    <groups>
    </groups>
    <test name="Test" duration-ms="49" started-at="2022-01-20T15:30:41 IST" finished-at="2022-01-20T15:30:41 IST">
      <class name="pack1.Test_2">
        <test-method status="PASS" signature="test_21()[pri:0, instance:pack1.Test_2@33f88ab]" name="test_21" duration-ms="9" started-at="2022-01-20T15:30:41 IST" finished-at="2022-01-20T15:30:41 IST">
          <reporter-output>
          </reporter-output>
        </test-method> <!-- test_21 -->
        <test-method status="PASS" signature="test_22()[pri:0, instance:pack1.Test_2@33f88ab]" name="test_22" duration-ms="1" started-at="2022-01-20T15:30:41 IST" finished-at="2022-01-20T15:30:41 IST">
          <reporter-output>
          </reporter-output>
        </test-method> <!-- test_22 -->
        <test-method status="PASS" signature="test_23()[pri:0, instance:pack1.Test_2@33f88ab]" name="test_23" duration-ms="1" started-at="2022-01-20T15:30:41 IST" finished-at="2022-01-20T15:30:41 IST">
          <reporter-output>
          </reporter-output>
        </test-method> <!-- test_23 -->
      </class> <!-- pack1.Test_2 -->
      <class name="pack1.Test_1">
        <test-method status="PASS" signature="test_11()[pri:0, instance:pack1.Test_1@27a8c74e]" name="test_11" duration-ms="2" started-at="2022-01-20T15:30:41 IST" finished-at="2022-01-20T15:30:41 IST">
          <reporter-output>
          </reporter-output>
        </test-method> <!-- test_11 -->
        <test-method status="PASS" signature="test_12()[pri:0, instance:pack1.Test_1@27a8c74e]" name="test_12" duration-ms="1" started-at="2022-01-20T15:30:41 IST" finished-at="2022-01-20T15:30:41 IST">
          <reporter-output>
          </reporter-output>
        </test-method> <!-- test_12 -->
        <test-method status="PASS" signature="test_13()[pri:0, instance:pack1.Test_1@27a8c74e]" name="test_13" duration-ms="1" started-at="2022-01-20T15:30:41 IST" finished-at="2022-01-20T15:30:41 IST">
          <reporter-output>
          </reporter-output>
        </test-method> <!-- test_13 -->
      </class> <!-- pack1.Test_1 -->
    </test> <!-- Test -->
  </suite> <!-- Suite -->
</testng-results>
